<?xml version="1.0" encoding="UTF-8"?>
<!-- Generated by org.testng.reporters.JUnitReportReporter -->
<testsuite hostname="Aditya" failures="0" tests="1" name="NewTestNG" time="0.011" errors="0" timestamp="2024-05-30T17:30:26 IST" skipped="0">
  <testcase classname="NewTestNG" name="verifyHomepageTitle" time="0.011"/>
  <system-out/>
</testsuite> <!-- NewTestNG -->
