<?xml version="1.0" encoding="UTF-8"?>
<!-- Generated by org.testng.reporters.JUnitReportReporter -->
<testsuite hostname="Aditya" failures="0" tests="2" name="learntestNg" time="0.006" errors="0" timestamp="2024-07-03T15:47:49 IST" skipped="0">
  <testcase classname="learntestNg" name="logout" time="0.001"/>
  <system-out/>
  <testcase classname="learntestNg" name="login" time="0.005"/>
  <system-out/>
</testsuite> <!-- learntestNg -->
