<?xml version="1.0" encoding="UTF-8"?>
<!-- Generated by org.testng.reporters.JUnitReportReporter -->
<testsuite hostname="Aditya" failures="0" tests="2" name="learntestNg" time="0.006" errors="0" timestamp="2024-06-04T12:55:41 IST" skipped="0">
  <testcase classname="learntestNg" name="logout" time="0.002"/>
  <system-out/>
  <testcase classname="learntestNg" name="login" time="0.004"/>
  <system-out/>
</testsuite> <!-- learntestNg -->
