<?xml version="1.0" encoding="UTF-8"?>
<!-- Generated by org.testng.reporters.JUnitReportReporter -->
<testsuite hostname="Aditya" failures="0" tests="12" name="Testcases.Multiple_Testcases" time="0.006" errors="0" timestamp="2024-07-09T12:29:35 IST" skipped="0">
  <testcase classname="Testcases.Multiple_Testcases" name="launchUrl" time="0.000"/>
  <system-out/>
  <testcase classname="Testcases.Multiple_Testcases" name="launchUrl" time="0.003"/>
  <system-out/>
  <testcase classname="Testcases.Multiple_Testcases" name="launchUrl" time="0.000"/>
  <system-out/>
  <testcase classname="Testcases.Multiple_Testcases" name="enterCredentials" time="0.000"/>
  <system-out/>
  <testcase classname="Testcases.Multiple_Testcases" name="enterCredentials" time="0.000"/>
  <system-out/>
  <testcase classname="Testcases.Multiple_Testcases" name="enterCredentials" time="0.000"/>
  <system-out/>
  <testcase classname="Testcases.Multiple_Testcases" name="validateHomePage" time="0.001"/>
  <system-out/>
  <testcase classname="Testcases.Multiple_Testcases" name="validateHomePage" time="0.000"/>
  <system-out/>
  <testcase classname="Testcases.Multiple_Testcases" name="validateHomePage" time="0.000"/>
  <system-out/>
  <testcase classname="Testcases.Multiple_Testcases" name="logout" time="0.001"/>
  <system-out/>
  <testcase classname="Testcases.Multiple_Testcases" name="logout" time="0.000"/>
  <system-out/>
  <testcase classname="Testcases.Multiple_Testcases" name="logout" time="0.001"/>
  <system-out/>
</testsuite> <!-- Testcases.Multiple_Testcases -->
