<?xml version="1.0" encoding="UTF-8"?>
<!-- Generated by org.testng.reporters.JUnitReportReporter -->
<testsuite hostname="Aditya" failures="0" tests="2" name="Testcases.Survey_testcase" time="3.936" errors="0" timestamp="2024-07-10T17:29:12 IST" skipped="0">
  <testcase classname="Testcases.Survey_testcase" name="landingPage" time="0.008"/>
  <system-out/>
  <testcase classname="Testcases.Survey_testcase" name="CreateSurvey" time="3.928"/>
  <system-out/>
</testsuite> <!-- Testcases.Survey_testcase -->
