<?xml version="1.0" encoding="UTF-8"?>
<!-- Generated by org.testng.reporters.JUnitReportReporter -->
<testsuite hostname="Aditya" failures="0" tests="4" name="testngpackage.Sample" time="11.603" errors="0" timestamp="2024-07-09T16:59:49 IST" skipped="0">
  <testcase classname="testngpackage.Sample" name="ninjaloginTest" time="3.405"/>
  <system-out/>
  <testcase classname="testngpackage.Sample" name="ninjaloginTest" time="2.800"/>
  <system-out/>
  <testcase classname="testngpackage.Sample" name="ninjaloginTest" time="2.635"/>
  <system-out/>
  <testcase classname="testngpackage.Sample" name="ninjaloginTest" time="2.763"/>
  <system-out/>
</testsuite> <!-- testngpackage.Sample -->
