<?xml version="1.0" encoding="UTF-8"?>
<!-- Generated by org.testng.reporters.JUnitReportReporter -->
<testsuite hostname="Aditya" failures="0" tests="2" name="testngpackage.learntestNg" time="0.004" errors="0" timestamp="2024-06-04T16:40:29 IST" skipped="0">
  <testcase classname="testngpackage.learntestNg" name="login" time="0.003"/>
  <system-out/>
  <testcase classname="testngpackage.learntestNg" name="logout" time="0.001"/>
  <system-out/>
</testsuite> <!-- testngpackage.learntestNg -->
