<?xml version="1.0" encoding="UTF-8"?>
<!-- Generated by org.testng.reporters.JUnitReportReporter -->
<testsuite hostname="Aditya" failures="0" tests="1" name="test.ReinstatementLoginTest" time="12.850" errors="0" timestamp="2024-12-10T11:35:42 IST" skipped="0">
  <testcase classname="test.ReinstatementLoginTest" name="loginuser" time="12.850"/>
  <system-out/>
</testsuite> <!-- test.ReinstatementLoginTest -->
