<?xml version="1.0" encoding="UTF-8"?>
<!-- Generated by org.testng.reporters.JUnitReportReporter -->
<testsuite hostname="Aditya" failures="0" tests="1" name="testngpackage.Verifytitletest" time="3.549" errors="0" timestamp="2024-06-04T16:40:29 IST" skipped="0">
  <testcase classname="testngpackage.Verifytitletest" name="titileTest" time="3.549"/>
  <system-out/>
</testsuite> <!-- testngpackage.Verifytitletest -->
