<?xml version="1.0" encoding="UTF-8"?>
<!-- Generated by org.testng.reporters.JUnitReportReporter -->
<testsuite hostname="Aditya" failures="0" tests="3" name="testngpackage.dummylogin" time="5.971" errors="0" timestamp="2024-06-10T12:09:59 IST" skipped="1">
  <testcase classname="testngpackage.dummylogin" name="testValidLogin" time="3.563"/>
  <system-out/>
  <testcase classname="testngpackage.dummylogin" name="team" time="2.408"/>
  <system-out/>
  <testcase classname="testngpackage.dummylogin" name="createClient">
    <skipped/>
  </testcase> <!-- createClient -->
  <system-out/>
</testsuite> <!-- testngpackage.dummylogin -->
