<?xml version="1.0" encoding="UTF-8"?>
<!-- Generated by org.testng.reporters.JUnitReportReporter -->
<testsuite hostname="Aditya" failures="0" tests="2" name="testngpackage.learntestNg" time="0.011" errors="0" timestamp="2024-07-04T16:07:32 IST" skipped="0">
  <testcase classname="testngpackage.learntestNg" name="login" time="0.010"/>
  <system-out/>
  <testcase classname="testngpackage.learntestNg" name="logout" time="0.001"/>
  <system-out/>
</testsuite> <!-- testngpackage.learntestNg -->
